train_file:data/dnn/train.userid.txt
eval_file:data/dnn/val.userid.txt
test_file:data/dnn/test.userid.txt
infer_file:data/dnn/infer.userid.txt
FEATURE_COUNT:194081
FIELD_COUNT:33
data_format:ffm
PAIR_NUM:None
DNN_FIELD_NUM:None
n_user:None
n_item:None
n_user_attr:None
n_item_attr:None
dim:10
layer_sizes:[100, 100]
cross_layer_sizes:[100, 100, 50]
cross_layers:None
activation:['relu', 'relu']
cross_activation:identity
dropout:[0.0, 0.0]
attention_layer_sizes:None
attention_activation:None
model_type:exDeepFM
method:classification
load_model_name:None
mu:None
init_method:tnormal
init_value:0.01
embed_l2:0.0001
embed_l1:0.0
layer_l2:0.0001
layer_l1:0.0
cross_l2:0.0001
cross_l1:0.0
learning_rate:0.0001
loss:log_loss
optimizer:adam
epochs:10
batch_size:100
log:log
logger:<Logger utils.log (INFO)>
show_step:1
save_epoch:5
metrics:['auc', 'logloss']
split connect
split connect
split connect
no residual network
data num:100
data num:100
at epoch 0 train info: loss:0.9744479954242706 eval info: auc:0.4363, logloss:0.7108 test info: auc:0.4363, logloss:0.7108
at epoch 0 , train time: 1.6 eval time: 0.2


data num:100
data num:100
at epoch 1 train info: loss:0.9584351480007172 eval info: auc:0.4523, logloss:0.7039 test info: auc:0.4523, logloss:0.7039
at epoch 1 , train time: 0.3 eval time: 0.1


data num:100
data num:100
at epoch 2 train info: loss:0.9428825080394745 eval info: auc:0.4646, logloss:0.6971 test info: auc:0.4646, logloss:0.6971
at epoch 2 , train time: 0.3 eval time: 0.1


data num:100
data num:100
at epoch 3 train info: loss:0.9276336431503296 eval info: auc:0.4744, logloss:0.6904 test info: auc:0.4744, logloss:0.6904
at epoch 3 , train time: 0.3 eval time: 0.1


data num:100
data num:100
at epoch 4 train info: loss:0.9126796126365662 eval info: auc:0.4859, logloss:0.6839 test info: auc:0.4859, logloss:0.6839
at epoch 4 , train time: 0.3 eval time: 0.1


data num:100
data num:100
at epoch 5 train info: loss:0.8980084657669067 eval info: auc:0.4956, logloss:0.6775 test info: auc:0.4956, logloss:0.6775
at epoch 5 , train time: 0.3 eval time: 0.1


data num:100
data num:100
at epoch 6 train info: loss:0.8836192488670349 eval info: auc:0.5018, logloss:0.6713 test info: auc:0.5018, logloss:0.6713
at epoch 6 , train time: 0.3 eval time: 0.1


data num:100
data num:100
at epoch 7 train info: loss:0.8695187568664551 eval info: auc:0.508, logloss:0.6652 test info: auc:0.508, logloss:0.6652
at epoch 7 , train time: 0.3 eval time: 0.1


data num:100
data num:100
at epoch 8 train info: loss:0.8557023108005524 eval info: auc:0.5168, logloss:0.6592 test info: auc:0.5168, logloss:0.6592
at epoch 8 , train time: 0.3 eval time: 0.1


data num:100
data num:100
at epoch 9 train info: loss:0.8421635925769806 eval info: auc:0.5221, logloss:0.6534 test info: auc:0.5221, logloss:0.6534
at epoch 9 , train time: 0.3 eval time: 0.1


